<?xml version="1.0" encoding="UTF-8"?>
<!-- Generated by org.testng.reporters.JUnitXMLReporter -->
<testsuite hostname="DESKTOP-50K4H14" ignored="0" name="test2" tests="3" failures="0" timestamp="2020-04-14T12:48:46 EDT" time="0.027" errors="0">
  <testcase name="test_Demo2_01" time="0.0" classname="testngScripts.Demo2"/>
  <testcase name="test_Demo2_02" time="0.003" classname="testngScripts.Demo2"/>
  <testcase name="test_demo4_01" time="0.0" classname="testngScripts.Demo4"/>
</testsuite> <!-- test2 -->
