<?xml version="1.0" encoding="UTF-8"?>
<!-- Generated by org.testng.reporters.JUnitXMLReporter -->
<testsuite hostname="DESKTOP-50K4H14" ignored="0" name="test1" tests="5" failures="0" timestamp="2020-04-14T12:48:46 EDT" time="0.104" errors="0">
  <testcase name="testDemo01" time="0.01" classname="testngScripts.Demo1"/>
  <testcase name="testDemo02" time="0.01" classname="testngScripts.Demo1"/>
  <testcase name="testDemo03" time="0.004" classname="testngScripts.Demo1"/>
  <testcase name="testDemo04" time="0.005" classname="testngScripts.Demo1"/>
  <testcase name="test_demo3_01" time="0.0" classname="testngScripts.Demo3"/>
</testsuite> <!-- test1 -->
